<?xml version="1.0" encoding="UTF-8"?>
<!-- Generated by org.testng.reporters.JUnitXMLReporter -->
<testsuite ignored="0" hostname="MININT-VK4UT2B" failures="1" tests="5" name="Default test" time="49.891" errors="0" timestamp="2024-12-29T18:57:06 CET">
  <testcase classname="io.cucumber.testng.AbstractTestNGCucumberTests" name="runScenario" time="10.485">
    <failure type="java.lang.AssertionError" message="The success message is incorrect. expected [Congratulations! Your new account has been successfully created!] but found [If you already have an account with us, please login at the login page.]">
      <![CDATA[java.lang.AssertionError: The success message is incorrect. expected [Congratulations! Your new account has been successfully created!] but found [If you already have an account with us, please login at the login page.]
at org.testng.Assert.fail(Assert.java:111)
at org.testng.Assert.failNotEquals(Assert.java:1578)
at org.testng.Assert.assertEqualsImpl(Assert.java:150)
at org.testng.Assert.assertEquals(Assert.java:132)
at org.testng.Assert.assertEquals(Assert.java:656)
at steps.Steps_Scenario1.theUserShouldSeeAConfirmationMessage(Steps_Scenario1.java:75)
at ✽.the user should see a confirmation message(file:///C:/Users/jacot/Documents/GitHub/PerformingTest/src/test/java/features/F1.feature:15)
]]>
    </failure>
  </testcase> <!-- runScenario -->
  <testcase classname="io.cucumber.testng.AbstractTestNGCucumberTests" name="runScenario" time="9.624"/>
  <testcase classname="io.cucumber.testng.AbstractTestNGCucumberTests" name="runScenario" time="9.52"/>
  <testcase classname="io.cucumber.testng.AbstractTestNGCucumberTests" name="runScenario" time="10.635"/>
  <testcase classname="io.cucumber.testng.AbstractTestNGCucumberTests" name="runScenario" time="9.24"/>
</testsuite> <!-- Default test -->
