<?xml version="1.0" encoding="UTF-8"?>
<testng-results ignored="0" total="1" passed="0" failed="1" skipped="0">
  <reporter-output>
  </reporter-output>
  <suite started-at="2024-12-20T16:46:11 CET" name="Default suite" finished-at="2024-12-20T16:46:18 CET" duration-ms="7393">
    <groups>
      <group name="cucumber">
        <method signature="AbstractTestNGCucumberTests.runScenario(io.cucumber.testng.PickleWrapper,io.cucumber.testng.FeatureWrapper)[pri:0, instance:Run_Feature1@192c3f1e]" name="runScenario" class="io.cucumber.testng.AbstractTestNGCucumberTests"/>
      </group> <!-- cucumber -->
    </groups>
    <test started-at="2024-12-20T16:46:11 CET" name="Default test" finished-at="2024-12-20T16:46:18 CET" duration-ms="7393">
      <class name="Run_Feature1">
        <test-method is-config="true" signature="setUpClass(org.testng.ITestContext)[pri:0, instance:Run_Feature1@192c3f1e]" started-at="2024-12-20T16:46:11 CET" name="setUpClass" finished-at="2024-12-20T16:46:11 CET" duration-ms="167" status="PASS">
          <params>
            <param index="0">
              <value>
                <![CDATA[org.testng.TestRunner@198ef2ce]]>
              </value>
            </param>
          </params>
          <reporter-output>
          </reporter-output>
        </test-method> <!-- setUpClass -->
        <test-method signature="runScenario(io.cucumber.testng.PickleWrapper,io.cucumber.testng.FeatureWrapper)[pri:0, instance:Run_Feature1@192c3f1e]" started-at="2024-12-20T16:46:11 CET" name="runScenario" description="Runs Cucumber Scenarios" data-provider="scenarios" finished-at="2024-12-20T16:46:18 CET" duration-ms="7192" status="FAIL">
          <params>
            <param index="0">
              <value>
                <![CDATA["Registro exitoso de un nuevo usuario"]]>
              </value>
            </param>
            <param index="1">
              <value>
                <![CDATA["Registro de usuario"]]>
              </value>
            </param>
          </params>
          <exception class="org.openqa.selenium.InvalidSelectorException">
            <message>
              <![CDATA[Compound class names not permitted
For documentation on this error, please visit: https://www.selenium.dev/documentation/webdriver/troubleshooting/errors#invalid-selector-exception
Build info: version: '4.26.0', revision: '8ccf0219d7'
System info: os.name: 'Windows 11', os.arch: 'amd64', os.version: '10.0', java.version: '23.0.1'
Driver info: driver.version: unknown]]>
            </message>
            <full-stacktrace>
              <![CDATA[org.openqa.selenium.InvalidSelectorException: Compound class names not permitted
For documentation on this error, please visit: https://www.selenium.dev/documentation/webdriver/troubleshooting/errors#invalid-selector-exception
Build info: version: '4.26.0', revision: '8ccf0219d7'
System info: os.name: 'Windows 11', os.arch: 'amd64', os.version: '10.0', java.version: '23.0.1'
Driver info: driver.version: unknown
at org.openqa.selenium.By$ByClassName.<init>(By.java:309)
at org.openqa.selenium.By.className(By.java:100)
at steps.Steps_Feature1.TheUserClicksOnTheContinueButton(Steps_Feature1.java:47)
at ✽.the user clicks on the continue button(file:///C:/Users/David%20Bonilla/OneDrive/Escritorio/Universidad/4t%20curs%20universitari/1r%20semestre/Test%20i%20Qualitat%20del%20Software%20(TQS)/Proyecto/Segunda%20practica/PerformingTest/src/test/java/features/F1.feature:14)
]]>
            </full-stacktrace>
          </exception> <!-- org.openqa.selenium.InvalidSelectorException -->
          <reporter-output>
          </reporter-output>
        </test-method> <!-- runScenario -->
        <test-method is-config="true" signature="tearDownClass()[pri:0, instance:Run_Feature1@192c3f1e]" started-at="2024-12-20T16:46:18 CET" name="tearDownClass" finished-at="2024-12-20T16:46:18 CET" duration-ms="2" status="PASS">
          <reporter-output>
          </reporter-output>
        </test-method> <!-- tearDownClass -->
      </class> <!-- Run_Feature1 -->
    </test> <!-- Default test -->
  </suite> <!-- Default suite -->
</testng-results>
