<?xml version="1.0" encoding="UTF-8"?>
<testng-results ignored="0" total="2" passed="2" failed="0" skipped="0">
  <reporter-output>
  </reporter-output>
  <suite started-at="2025-01-04T13:22:08 CET" name="Default suite" finished-at="2025-01-04T13:22:40 CET" duration-ms="32598">
    <groups>
      <group name="cucumber">
        <method signature="AbstractTestNGCucumberTests.runScenario(io.cucumber.testng.PickleWrapper,io.cucumber.testng.FeatureWrapper)[pri:0, instance:Run_Scenario1@6aaceffd]" name="runScenario" class="io.cucumber.testng.AbstractTestNGCucumberTests"/>
      </group> <!-- cucumber -->
    </groups>
    <test started-at="2025-01-04T13:22:08 CET" name="Default test" finished-at="2025-01-04T13:22:40 CET" duration-ms="32598">
      <class name="Run_Scenario1">
        <test-method is-config="true" signature="setUpClass(org.testng.ITestContext)[pri:0, instance:Run_Scenario1@6aaceffd]" started-at="2025-01-04T13:22:08 CET" name="setUpClass" finished-at="2025-01-04T13:22:08 CET" duration-ms="294" status="PASS">
          <params>
            <param index="0">
              <value>
                <![CDATA[org.testng.TestRunner@7918c7f8]]>
              </value>
            </param>
          </params>
          <reporter-output>
          </reporter-output>
        </test-method> <!-- setUpClass -->
        <test-method signature="runScenario(io.cucumber.testng.PickleWrapper,io.cucumber.testng.FeatureWrapper)[pri:0, instance:Run_Scenario1@6aaceffd]" started-at="2025-01-04T13:22:08 CET" name="runScenario" description="Runs Cucumber Scenarios" data-provider="scenarios" finished-at="2025-01-04T13:22:27 CET" duration-ms="19622" status="PASS">
          <params>
            <param index="0">
              <value>
                <![CDATA["Realizar una compra como invitado"]]>
              </value>
            </param>
            <param index="1">
              <value>
                <![CDATA["Comprar como invitado"]]>
              </value>
            </param>
          </params>
          <reporter-output>
          </reporter-output>
        </test-method> <!-- runScenario -->
        <test-method signature="runScenario(io.cucumber.testng.PickleWrapper,io.cucumber.testng.FeatureWrapper)[pri:0, instance:Run_Scenario1@6aaceffd]" started-at="2025-01-04T13:22:27 CET" name="runScenario" description="Runs Cucumber Scenarios" data-provider="scenarios" finished-at="2025-01-04T13:22:40 CET" duration-ms="12600" status="PASS">
          <params>
            <param index="0">
              <value>
                <![CDATA["Intentar realizar una compra sin proporcionar datos de envío"]]>
              </value>
            </param>
            <param index="1">
              <value>
                <![CDATA["Comprar como invitado"]]>
              </value>
            </param>
          </params>
          <reporter-output>
          </reporter-output>
        </test-method> <!-- runScenario -->
        <test-method is-config="true" signature="tearDownClass()[pri:0, instance:Run_Scenario1@6aaceffd]" started-at="2025-01-04T13:22:40 CET" name="tearDownClass" finished-at="2025-01-04T13:22:40 CET" duration-ms="5" status="PASS">
          <reporter-output>
          </reporter-output>
        </test-method> <!-- tearDownClass -->
      </class> <!-- Run_Scenario1 -->
    </test> <!-- Default test -->
  </suite> <!-- Default suite -->
</testng-results>
